<?xml version="1.0" encoding="UTF-8"?>
<testsuite name="CodeSharingPlatformTest" tests="1" skipped="0" failures="0" errors="0" timestamp="2020-12-17T06:59:13" hostname="NEC" time="4.236">
  <properties/>
  <testcase name="start" classname="CodeSharingPlatformTest" time="4.236"/>
  <system-out><![CDATA[?[1;31m
Start test 1?[0m

  .   ____          _            __ _ _
 /\\ / ___'_ __ _ _(_)_ __  __ _ \ \ \ \
( ( )\___ | '_ | '_| | '_ \/ _` | \ \ \ \
 \\/  ___)| |_)| | | | | || (_| |  ) ) ) )
  '  |____| .__|_| |_|_| |_\__, | / / / /
 =========|_|==============|___/=/_/_/_/
 :: Spring Boot ::        (v2.3.3.RELEASE)

2020-12-17 13:59:14.529  INFO 8560 --- [    Test worker] platform.CodeSharingPlatform             : Starting CodeSharingPlatform on nec with PID 8560 (started by Lena in D:\programming\Code Sharing Platform\Code Sharing Platform\task)
2020-12-17 13:59:14.536  INFO 8560 --- [    Test worker] platform.CodeSharingPlatform             : No active profile set, falling back to default profiles: default
2020-12-17 13:59:15.941  INFO 8560 --- [    Test worker] o.s.b.w.embedded.tomcat.TomcatWebServer  : Tomcat initialized with port(s): 8889 (http)
2020-12-17 13:59:15.972  INFO 8560 --- [    Test worker] o.apache.catalina.core.StandardService   : Starting service [Tomcat]
2020-12-17 13:59:15.972  INFO 8560 --- [    Test worker] org.apache.catalina.core.StandardEngine  : Starting Servlet engine: [Apache Tomcat/9.0.37]
2020-12-17 13:59:16.113  INFO 8560 --- [    Test worker] o.a.c.c.C.[Tomcat].[localhost].[/]       : Initializing Spring embedded WebApplicationContext
2020-12-17 13:59:16.113  INFO 8560 --- [    Test worker] w.s.c.ServletWebServerApplicationContext : Root WebApplicationContext: initialization completed in 1510 ms
2020-12-17 13:59:16.472  INFO 8560 --- [    Test worker] o.s.s.concurrent.ThreadPoolTaskExecutor  : Initializing ExecutorService 'applicationTaskExecutor'
2020-12-17 13:59:16.901  INFO 8560 --- [    Test worker] o.s.b.a.e.web.EndpointLinksResolver      : Exposing 14 endpoint(s) beneath base path '/actuator'
2020-12-17 13:59:16.948  INFO 8560 --- [    Test worker] o.s.b.w.embedded.tomcat.TomcatWebServer  : Tomcat started on port(s): 8889 (http) with context path ''
2020-12-17 13:59:16.964  INFO 8560 --- [    Test worker] platform.CodeSharingPlatform             : Started CodeSharingPlatform in 2.925 seconds (JVM running for 3.905)
2020-12-17 13:59:17.339  INFO 8560 --- [nio-8889-exec-1] o.a.c.c.C.[Tomcat].[localhost].[/]       : Initializing Spring DispatcherServlet 'dispatcherServlet'
2020-12-17 13:59:17.339  INFO 8560 --- [nio-8889-exec-1] o.s.web.servlet.DispatcherServlet        : Initializing Servlet 'dispatcherServlet'
2020-12-17 13:59:17.354  INFO 8560 --- [nio-8889-exec-1] o.s.web.servlet.DispatcherServlet        : Completed initialization in 15 ms
?[1;31m
Start test 2?[0m
?[1;31m
Start test 3?[0m
?[1;31m
Start test 4?[0m
?[1;31m
Start test 5?[0m
?[1;31m
Start test 6?[0m
?[1;31m
Start test 7?[0m
?[1;31m
Start test 8?[0m
?[1;31m
Start test 9?[0m
?[1;31m
Start test 10?[0m
?[1;31m
Start test 11?[0m
?[1;31m
Start test 12?[0m
]]></system-out>
  <system-err><![CDATA[]]></system-err>
</testsuite>
